<?xml version="1.0" encoding="UTF-8"?>
<testng-results skipped="0" failed="0" ignored="0" total="1" passed="1">
  <reporter-output>
  </reporter-output>
  <suite name="TestApplication" duration-ms="146" started-at="2021-09-26T17:31:14 IST" finished-at="2021-09-26T17:31:14 IST">
    <groups>
    </groups>
    <test name="HelloWorldTest" duration-ms="146" started-at="2021-09-26T17:31:14 IST" finished-at="2021-09-26T17:31:14 IST">
      <class name="com.mytest.HelloWorld">
        <test-method status="PASS" signature="testHelloWorld()[pri:0, instance:com.mytest.HelloWorld@3b084709]" name="testHelloWorld" duration-ms="16" started-at="2021-09-26T17:31:14 IST" finished-at="2021-09-26T17:31:14 IST">
          <reporter-output>
          </reporter-output>
        </test-method> <!-- testHelloWorld -->
      </class> <!-- com.mytest.HelloWorld -->
    </test> <!-- HelloWorldTest -->
  </suite> <!-- TestApplication -->
</testng-results>
